-------------------------------------------------------------------------------
Test set: io.qameta.allure.examples.cucumber5.CucumberTest
-------------------------------------------------------------------------------
Tests run: 7, Failures: 1, Errors: 0, Skipped: 0, Time elapsed: 5.641 s <<< FAILURE! - in io.qameta.allure.examples.cucumber5.CucumberTest
Add label to existing issue for authorized user(Labels)  Time elapsed: 1.049 s  <<< FAILURE!
org.junit.ComparisonFailure: expected:<[hello]> but was:<[another text]>

