<?xml version="1.0" encoding="UTF-8"?>
<testsuite xmlns:xsi="http://www.w3.org/2001/XMLSchema-instance" xsi:noNamespaceSchemaLocation="https://maven.apache.org/surefire/maven-surefire-plugin/xsd/surefire-test-report.xsd" name="io.qameta.allure.examples.cucumber5.CucumberTest" time="2.383" tests="9" errors="3" skipped="0" failures="0">
  <properties>
[...]
</properties>
  <testcase name="Create new label via api" classname="Labels" time="1.172"/>
  <testcase name="Delete existing label via api" classname="Labels" time="0.016"/>
  <testcase name="Create new label for authorized user" classname="Labels" time="0.038">
    <error message="Element not found for xpath [//div[@class=&apos;something&apos;]]" type="java.lang.RuntimeException">java.lang.RuntimeException: Element not found for xpath [//div[@class='something']]
</error>
    <system-out><![CDATA[&amp#27;[32m.&amp#27;[0m&amp#27;[31mF&amp#27;[0m&amp#27;[36m-&amp#27;[0m]]></system-out>
  </testcase>
  <testcase name="Add label to existing issue for authorized user" classname="Labels" time="0.031">
    <error message="Element not found for xpath [//div[@class=&apos;something&apos;]]" type="java.lang.RuntimeException">java.lang.RuntimeException: Element not found for xpath [//div[@class='something']]
</error>
    <system-out><![CDATA[&amp#27;[32m.&amp#27;[0m&amp#27;[31mF&amp#27;[0m&amp#27;[36m-&amp#27;[0m&amp#27;[36m-&amp#27;[0m]]></system-out>
  </testcase>
  <testcase name="Delete existing label for authorized user" classname="Labels" time="0.016">
    <error message="Element not found for xpath [//div[@class=&apos;something&apos;]]" type="java.lang.RuntimeException">java.lang.RuntimeException: Element not found for xpath [//div[@class='something']]
</error>
    <system-out><![CDATA[&amp#27;[31mF&amp#27;[0m&amp#27;[36m-&amp#27;[0m&amp#27;[36m-&amp#27;[0m&amp#27;[36m-&amp#27;[0m]]></system-out>
  </testcase>
  <testcase name="Create new milestone for authorized user" classname="Milestones" time="0.015"/>
  <testcase name="Close existing milestone for authorized user" classname="Milestones" time="0.016"/>
  <testcase name="YYYYY" classname="Milestones" time="0.022"/>
  <testcase name="YYYYYCCCC" classname="Milestones" time="0.016"/>
</testsuite>