{"uid":"4f60b1358a469f6f","name":"Add label to existing issue for authorized user","fullName":"Labels: Add label to existing issue for authorized user","historyId":"6c5e4728d27ca5f06be0153a1dac5c1","time":{"start":1678333708649,"stop":1678333708659,"duration":10},"status":"broken","statusMessage":"Element not found for xpath [//div[@class='something']]","statusTrace":"java.lang.RuntimeException: Element not found for xpath [//div[@class='something']]\n\tat io.qameta.allure.examples.cucumber5.WebSteps.maybeThrowElementNotFoundException(WebSteps.java:89)\n\tat io.qameta.allure.examples.cucumber5.WebSteps.addLabelToIssue(WebSteps.java:79)\n\tat ✽.I add label with title \"hello\" to issue(file:///home/runner/work/allureReportCucumber1/allureReportCucumber1/src/test/resources/features/labels-web.feature:18)\n","flaky":false,"newFailed":false,"newBroken":false,"newPassed":false,"retriesCount":1,"retriesStatusChange":true,"beforeStages":[],"testStage":{"status":"broken","statusMessage":"Element not found for xpath [//div[@class='something']]","statusTrace":"java.lang.RuntimeException: Element not found for xpath [//div[@class='something']]\n\tat io.qameta.allure.examples.cucumber5.WebSteps.maybeThrowElementNotFoundException(WebSteps.java:89)\n\tat io.qameta.allure.examples.cucumber5.WebSteps.addLabelToIssue(WebSteps.java:79)\n\tat ✽.I add label with title \"hello\" to issue(file:///home/runner/work/allureReportCucumber1/allureReportCucumber1/src/test/resources/features/labels-web.feature:18)\n","steps":[{"name":"When  I open issue with id 123123","time":{"start":1678333708649,"stop":1678333708649,"duration":0},"status":"passed","steps":[],"attachments":[],"parameters":[],"stepsCount":0,"attachmentsCount":0,"shouldDisplayMessage":false,"hasContent":false},{"name":"And  I add label with title \"hello\" to issue","time":{"start":1678333708650,"stop":1678333708652,"duration":2},"status":"broken","statusMessage":"Element not found for xpath [//div[@class='something']]","statusTrace":"java.lang.RuntimeException: Element not found for xpath [//div[@class='something']]\n\tat io.qameta.allure.examples.cucumber5.WebSteps.maybeThrowElementNotFoundException(WebSteps.java:89)\n\tat io.qameta.allure.examples.cucumber5.WebSteps.addLabelToIssue(WebSteps.java:79)\n\tat ✽.I add label with title \"hello\" to issue(file:///home/runner/work/allureReportCucumber1/allureReportCucumber1/src/test/resources/features/labels-web.feature:18)\n","steps":[],"attachments":[],"parameters":[],"stepsCount":0,"attachmentsCount":0,"shouldDisplayMessage":true,"hasContent":true},{"name":"And  I filter issue by label title \"hello\"","time":{"start":1678333708652,"stop":1678333708653,"duration":1},"status":"skipped","steps":[],"attachments":[],"parameters":[],"stepsCount":0,"attachmentsCount":0,"shouldDisplayMessage":false,"hasContent":false},{"name":"Then  I should see issue with label title \"hello\"","time":{"start":1678333708654,"stop":1678333708654,"duration":0},"status":"skipped","steps":[],"attachments":[],"parameters":[],"stepsCount":0,"attachmentsCount":0,"shouldDisplayMessage":false,"hasContent":false}],"attachments":[],"parameters":[],"stepsCount":4,"attachmentsCount":0,"shouldDisplayMessage":false,"hasContent":true},"afterStages":[],"labels":[{"name":"tag","value":"smoke"},{"name":"host","value":"fv-az174-691"},{"name":"thread","value":"2373@fv-az174-691.main(1)"},{"name":"feature","value":"Labels"},{"name":"story","value":"Add label to existing issue for authorized user"},{"name":"suite","value":"Labels"},{"name":"testClass","value":"Add label to existing issue for authorized user"},{"name":"framework","value":"cucumber4jvm"},{"name":"language","value":"java"},{"name":"gherkin_uri","value":"file:///home/runner/work/allureReportCucumber1/allureReportCucumber1/src/test/resources/features/labels-web.feature"},{"name":"package","value":"src.test.resources.features.labels-web_feature.Labels"},{"name":"resultFormat","value":"allure2"}],"parameters":[],"links":[],"hidden":false,"retry":false,"extra":{"severity":"normal","retries":[{"uid":"b57a6f602bb24a30","status":"failed","statusDetails":"expected:<[hello]> but was:<[another text]>","time":{"start":1678164029182,"stop":1678164030219,"duration":1037}}],"categories":[{"name":"Test defects","matchedStatuses":[],"flaky":false}],"tags":["smoke"]},"source":"4f60b1358a469f6f.json","parameterValues":[]}